build/app/intermediates/manifest_merge_blame_file/debug/manifest-merger-blame-debug-report.txt
1<?xml version="1.0" encoding="utf-8"?>
2<manifest xmlns:android="http://schemas.android.com/apk/res/android"
3    package="com.example.prova_registro"
4    android:versionCode="1"
5    android:versionName="1.0.0" >
6
7    <uses-sdk
8        android:minSdkVersion="18"
9        android:targetSdkVersion="33" />
10    <!--
11         The INTERNET permission is required for development. Specifically,
12         the Flutter tool needs it to communicate with the running application
13         to allow setting breakpoints, to provide hot reload, etc.
14    -->
15    <uses-permission android:name="android.permission.INTERNET" />
15-->src\main\AndroidManifest.xml:6:5-66
15-->src\main\AndroidManifest.xml:6:22-64
16    <!-- Add below permission inside 'manifest' tag -->
17    <uses-permission android:name="android.permission.RECEIVE_BOOT_COMPLETED" />
17-->src\main\AndroidManifest.xml:4:5-80
17-->src\main\AndroidManifest.xml:4:22-78
18    <uses-permission android:name="android.permission.VIBRATE" />
18-->src\main\AndroidManifest.xml:7:5-65
18-->src\main\AndroidManifest.xml:7:22-63
19    <uses-permission android:name="android.permission.USE_FULL_SCREEN_INTENT" />
19-->[:flutter_local_notifications] AndroidManifest.xml:11:5-81
19-->[:flutter_local_notifications] AndroidManifest.xml:11:22-78
20    <uses-permission android:name="android.permission.SCHEDULE_EXACT_ALARM" />
20-->[:flutter_local_notifications] AndroidManifest.xml:12:5-79
20-->[:flutter_local_notifications] AndroidManifest.xml:12:22-76
21    <uses-permission android:name="android.permission.POST_NOTIFICATIONS" />
21-->[:flutter_local_notifications] AndroidManifest.xml:13:5-77
21-->[:flutter_local_notifications] AndroidManifest.xml:13:22-74
22    <uses-permission android:name="android.permission.ACCESS_NETWORK_STATE" />
22-->[:connectivity_plus] AndroidManifest.xml:9:5-79
22-->[:connectivity_plus] AndroidManifest.xml:9:22-76
23    <uses-permission android:name="android.permission.WAKE_LOCK" />
23-->[androidx.work:work-runtime:2.7.1] AndroidManifest.xml:25:5-68
23-->[androidx.work:work-runtime:2.7.1] AndroidManifest.xml:25:22-65
24    <uses-permission android:name="android.permission.FOREGROUND_SERVICE" />
24-->[androidx.work:work-runtime:2.7.1] AndroidManifest.xml:28:5-77
24-->[androidx.work:work-runtime:2.7.1] AndroidManifest.xml:28:22-74
25
26    <application
27        android:name="android.app.Application"
28        android:appComponentFactory="androidx.core.app.CoreComponentFactory"
28-->[androidx.core:core:1.6.0] AndroidManifest.xml:24:18-86
29        android:debuggable="true"
30        android:icon="@mipmap/launcher_icon"
31        android:label="ITSAR" >
32
33        <!-- Add below permission inside 'application' tag -->
34        <receiver
35            android:name="com.dexterous.flutterlocalnotifications.ScheduledNotificationBootReceiver"
36            android:exported="false" >
36-->[:flutter_local_notifications] AndroidManifest.xml:24:13-37
37            <intent-filter>
38                <action android:name="android.intent.action.BOOT_COMPLETED" />
38-->[:flutter_local_notifications] AndroidManifest.xml:26:17-79
38-->[:flutter_local_notifications] AndroidManifest.xml:26:25-76
39                <action android:name="android.intent.action.MY_PACKAGE_REPLACED" />
39-->[:flutter_local_notifications] AndroidManifest.xml:27:17-84
39-->[:flutter_local_notifications] AndroidManifest.xml:27:25-81
40            </intent-filter>
41            <intent-filter>
41-->[:flutter_local_notifications] AndroidManifest.xml:25:13-30:29
42                <action android:name="android.intent.action.BOOT_COMPLETED" />
42-->[:flutter_local_notifications] AndroidManifest.xml:26:17-79
42-->[:flutter_local_notifications] AndroidManifest.xml:26:25-76
43                <action android:name="android.intent.action.MY_PACKAGE_REPLACED" />
43-->[:flutter_local_notifications] AndroidManifest.xml:27:17-84
43-->[:flutter_local_notifications] AndroidManifest.xml:27:25-81
44                <action android:name="android.intent.action.QUICKBOOT_POWERON" />
44-->[:flutter_local_notifications] AndroidManifest.xml:28:17-82
44-->[:flutter_local_notifications] AndroidManifest.xml:28:25-79
45                <action android:name="com.htc.intent.action.QUICKBOOT_POWERON" />
45-->[:flutter_local_notifications] AndroidManifest.xml:29:17-82
45-->[:flutter_local_notifications] AndroidManifest.xml:29:25-79
46            </intent-filter>
47        </receiver>
48
49        <activity
50            android:name="com.example.prova_registro.MainActivity"
51            android:configChanges="orientation|keyboardHidden|keyboard|screenSize|smallestScreenSize|locale|layoutDirection|fontScale|screenLayout|density|uiMode"
52            android:exported="true"
53            android:hardwareAccelerated="true"
54            android:launchMode="singleTop"
55            android:theme="@style/LaunchTheme"
56            android:windowSoftInputMode="adjustResize" >
57
58            <!--
59                 Specifies an Android theme to apply to this Activity as soon as
60                 the Android process has started. This theme is visible to the user
61                 while the Flutter UI initializes. After that, this theme continues
62                 to determine the Window background behind the Flutter UI.
63            -->
64            <meta-data
65                android:name="io.flutter.embedding.android.NormalTheme"
66                android:resource="@style/NormalTheme" />
67
68            <intent-filter>
69                <action android:name="android.intent.action.MAIN" />
70
71                <category android:name="android.intent.category.LAUNCHER" />
72            </intent-filter>
73        </activity>
74        <!--
75             Don't delete the meta-data below.
76             This is used by the Flutter tool to generate GeneratedPluginRegistrant.java
77        -->
78        <meta-data
79            android:name="flutterEmbedding"
80            android:value="2" />
81
82        <receiver
82-->[:flutter_local_notifications] AndroidManifest.xml:16:9-18:40
83            android:name="com.dexterous.flutterlocalnotifications.ActionBroadcastReceiver"
83-->[:flutter_local_notifications] AndroidManifest.xml:17:13-91
84            android:exported="false" />
84-->[:flutter_local_notifications] AndroidManifest.xml:18:13-37
85        <receiver
85-->[:flutter_local_notifications] AndroidManifest.xml:19:9-21:40
86            android:name="com.dexterous.flutterlocalnotifications.ScheduledNotificationReceiver"
86-->[:flutter_local_notifications] AndroidManifest.xml:20:13-97
87            android:exported="false" />
87-->[:flutter_local_notifications] AndroidManifest.xml:21:13-37
88
89        <uses-library
89-->[androidx.window:window:1.0.0] AndroidManifest.xml:25:9-27:40
90            android:name="androidx.window.extensions"
90-->[androidx.window:window:1.0.0] AndroidManifest.xml:26:13-54
91            android:required="false" />
91-->[androidx.window:window:1.0.0] AndroidManifest.xml:27:13-37
92        <uses-library
92-->[androidx.window:window:1.0.0] AndroidManifest.xml:28:9-30:40
93            android:name="androidx.window.sidecar"
93-->[androidx.window:window:1.0.0] AndroidManifest.xml:29:13-51
94            android:required="false" />
94-->[androidx.window:window:1.0.0] AndroidManifest.xml:30:13-37
95
96        <provider
96-->[androidx.work:work-runtime:2.7.1] AndroidManifest.xml:31:9-39:20
97            android:name="androidx.startup.InitializationProvider"
97-->[androidx.work:work-runtime:2.7.1] AndroidManifest.xml:32:13-67
98            android:authorities="com.example.prova_registro.androidx-startup"
98-->[androidx.work:work-runtime:2.7.1] AndroidManifest.xml:33:13-68
99            android:exported="false" >
99-->[androidx.work:work-runtime:2.7.1] AndroidManifest.xml:34:13-37
100            <meta-data
100-->[androidx.work:work-runtime:2.7.1] AndroidManifest.xml:36:13-38:52
101                android:name="androidx.work.WorkManagerInitializer"
101-->[androidx.work:work-runtime:2.7.1] AndroidManifest.xml:37:17-68
102                android:value="androidx.startup" />
102-->[androidx.work:work-runtime:2.7.1] AndroidManifest.xml:38:17-49
103        </provider>
104
105        <service
105-->[androidx.work:work-runtime:2.7.1] AndroidManifest.xml:41:9-46:35
106            android:name="androidx.work.impl.background.systemalarm.SystemAlarmService"
106-->[androidx.work:work-runtime:2.7.1] AndroidManifest.xml:42:13-88
107            android:directBootAware="false"
107-->[androidx.work:work-runtime:2.7.1] AndroidManifest.xml:43:13-44
108            android:enabled="@bool/enable_system_alarm_service_default"
108-->[androidx.work:work-runtime:2.7.1] AndroidManifest.xml:44:13-72
109            android:exported="false" />
109-->[androidx.work:work-runtime:2.7.1] AndroidManifest.xml:45:13-37
110        <service
110-->[androidx.work:work-runtime:2.7.1] AndroidManifest.xml:47:9-53:35
111            android:name="androidx.work.impl.background.systemjob.SystemJobService"
111-->[androidx.work:work-runtime:2.7.1] AndroidManifest.xml:48:13-84
112            android:directBootAware="false"
112-->[androidx.work:work-runtime:2.7.1] AndroidManifest.xml:49:13-44
113            android:enabled="@bool/enable_system_job_service_default"
113-->[androidx.work:work-runtime:2.7.1] AndroidManifest.xml:50:13-70
114            android:exported="true"
114-->[androidx.work:work-runtime:2.7.1] AndroidManifest.xml:51:13-36
115            android:permission="android.permission.BIND_JOB_SERVICE" />
115-->[androidx.work:work-runtime:2.7.1] AndroidManifest.xml:52:13-69
116        <service
116-->[androidx.work:work-runtime:2.7.1] AndroidManifest.xml:54:9-59:35
117            android:name="androidx.work.impl.foreground.SystemForegroundService"
117-->[androidx.work:work-runtime:2.7.1] AndroidManifest.xml:55:13-81
118            android:directBootAware="false"
118-->[androidx.work:work-runtime:2.7.1] AndroidManifest.xml:56:13-44
119            android:enabled="@bool/enable_system_foreground_service_default"
119-->[androidx.work:work-runtime:2.7.1] AndroidManifest.xml:57:13-77
120            android:exported="false" />
120-->[androidx.work:work-runtime:2.7.1] AndroidManifest.xml:58:13-37
121
122        <receiver
122-->[androidx.work:work-runtime:2.7.1] AndroidManifest.xml:61:9-66:35
123            android:name="androidx.work.impl.utils.ForceStopRunnable$BroadcastReceiver"
123-->[androidx.work:work-runtime:2.7.1] AndroidManifest.xml:62:13-88
124            android:directBootAware="false"
124-->[androidx.work:work-runtime:2.7.1] AndroidManifest.xml:63:13-44
125            android:enabled="true"
125-->[androidx.work:work-runtime:2.7.1] AndroidManifest.xml:64:13-35
126            android:exported="false" />
126-->[androidx.work:work-runtime:2.7.1] AndroidManifest.xml:65:13-37
127        <receiver
127-->[androidx.work:work-runtime:2.7.1] AndroidManifest.xml:67:9-77:20
128            android:name="androidx.work.impl.background.systemalarm.ConstraintProxy$BatteryChargingProxy"
128-->[androidx.work:work-runtime:2.7.1] AndroidManifest.xml:68:13-106
129            android:directBootAware="false"
129-->[androidx.work:work-runtime:2.7.1] AndroidManifest.xml:69:13-44
130            android:enabled="false"
130-->[androidx.work:work-runtime:2.7.1] AndroidManifest.xml:70:13-36
131            android:exported="false" >
131-->[androidx.work:work-runtime:2.7.1] AndroidManifest.xml:71:13-37
132            <intent-filter>
132-->[androidx.work:work-runtime:2.7.1] AndroidManifest.xml:73:13-76:29
133                <action android:name="android.intent.action.ACTION_POWER_CONNECTED" />
133-->[androidx.work:work-runtime:2.7.1] AndroidManifest.xml:74:17-87
133-->[androidx.work:work-runtime:2.7.1] AndroidManifest.xml:74:25-84
134                <action android:name="android.intent.action.ACTION_POWER_DISCONNECTED" />
134-->[androidx.work:work-runtime:2.7.1] AndroidManifest.xml:75:17-90
134-->[androidx.work:work-runtime:2.7.1] AndroidManifest.xml:75:25-87
135            </intent-filter>
136        </receiver>
137        <receiver
137-->[androidx.work:work-runtime:2.7.1] AndroidManifest.xml:78:9-88:20
138            android:name="androidx.work.impl.background.systemalarm.ConstraintProxy$BatteryNotLowProxy"
138-->[androidx.work:work-runtime:2.7.1] AndroidManifest.xml:79:13-104
139            android:directBootAware="false"
139-->[androidx.work:work-runtime:2.7.1] AndroidManifest.xml:80:13-44
140            android:enabled="false"
140-->[androidx.work:work-runtime:2.7.1] AndroidManifest.xml:81:13-36
141            android:exported="false" >
141-->[androidx.work:work-runtime:2.7.1] AndroidManifest.xml:82:13-37
142            <intent-filter>
142-->[androidx.work:work-runtime:2.7.1] AndroidManifest.xml:84:13-87:29
143                <action android:name="android.intent.action.BATTERY_OKAY" />
143-->[androidx.work:work-runtime:2.7.1] AndroidManifest.xml:85:17-77
143-->[androidx.work:work-runtime:2.7.1] AndroidManifest.xml:85:25-74
144                <action android:name="android.intent.action.BATTERY_LOW" />
144-->[androidx.work:work-runtime:2.7.1] AndroidManifest.xml:86:17-76
144-->[androidx.work:work-runtime:2.7.1] AndroidManifest.xml:86:25-73
145            </intent-filter>
146        </receiver>
147        <receiver
147-->[androidx.work:work-runtime:2.7.1] AndroidManifest.xml:89:9-99:20
148            android:name="androidx.work.impl.background.systemalarm.ConstraintProxy$StorageNotLowProxy"
148-->[androidx.work:work-runtime:2.7.1] AndroidManifest.xml:90:13-104
149            android:directBootAware="false"
149-->[androidx.work:work-runtime:2.7.1] AndroidManifest.xml:91:13-44
150            android:enabled="false"
150-->[androidx.work:work-runtime:2.7.1] AndroidManifest.xml:92:13-36
151            android:exported="false" >
151-->[androidx.work:work-runtime:2.7.1] AndroidManifest.xml:93:13-37
152            <intent-filter>
152-->[androidx.work:work-runtime:2.7.1] AndroidManifest.xml:95:13-98:29
153                <action android:name="android.intent.action.DEVICE_STORAGE_LOW" />
153-->[androidx.work:work-runtime:2.7.1] AndroidManifest.xml:96:17-83
153-->[androidx.work:work-runtime:2.7.1] AndroidManifest.xml:96:25-80
154                <action android:name="android.intent.action.DEVICE_STORAGE_OK" />
154-->[androidx.work:work-runtime:2.7.1] AndroidManifest.xml:97:17-82
154-->[androidx.work:work-runtime:2.7.1] AndroidManifest.xml:97:25-79
155            </intent-filter>
156        </receiver>
157        <receiver
157-->[androidx.work:work-runtime:2.7.1] AndroidManifest.xml:100:9-109:20
158            android:name="androidx.work.impl.background.systemalarm.ConstraintProxy$NetworkStateProxy"
158-->[androidx.work:work-runtime:2.7.1] AndroidManifest.xml:101:13-103
159            android:directBootAware="false"
159-->[androidx.work:work-runtime:2.7.1] AndroidManifest.xml:102:13-44
160            android:enabled="false"
160-->[androidx.work:work-runtime:2.7.1] AndroidManifest.xml:103:13-36
161            android:exported="false" >
161-->[androidx.work:work-runtime:2.7.1] AndroidManifest.xml:104:13-37
162            <intent-filter>
162-->[androidx.work:work-runtime:2.7.1] AndroidManifest.xml:106:13-108:29
163                <action android:name="android.net.conn.CONNECTIVITY_CHANGE" />
163-->[androidx.work:work-runtime:2.7.1] AndroidManifest.xml:107:17-79
163-->[androidx.work:work-runtime:2.7.1] AndroidManifest.xml:107:25-76
164            </intent-filter>
165        </receiver>
166        <receiver
166-->[androidx.work:work-runtime:2.7.1] AndroidManifest.xml:110:9-121:20
167            android:name="androidx.work.impl.background.systemalarm.RescheduleReceiver"
167-->[androidx.work:work-runtime:2.7.1] AndroidManifest.xml:111:13-88
168            android:directBootAware="false"
168-->[androidx.work:work-runtime:2.7.1] AndroidManifest.xml:112:13-44
169            android:enabled="false"
169-->[androidx.work:work-runtime:2.7.1] AndroidManifest.xml:113:13-36
170            android:exported="false" >
170-->[androidx.work:work-runtime:2.7.1] AndroidManifest.xml:114:13-37
171            <intent-filter>
171-->[androidx.work:work-runtime:2.7.1] AndroidManifest.xml:116:13-120:29
172                <action android:name="android.intent.action.BOOT_COMPLETED" />
172-->[:flutter_local_notifications] AndroidManifest.xml:26:17-79
172-->[:flutter_local_notifications] AndroidManifest.xml:26:25-76
173                <action android:name="android.intent.action.TIME_SET" />
173-->[androidx.work:work-runtime:2.7.1] AndroidManifest.xml:118:17-73
173-->[androidx.work:work-runtime:2.7.1] AndroidManifest.xml:118:25-70
174                <action android:name="android.intent.action.TIMEZONE_CHANGED" />
174-->[androidx.work:work-runtime:2.7.1] AndroidManifest.xml:119:17-81
174-->[androidx.work:work-runtime:2.7.1] AndroidManifest.xml:119:25-78
175            </intent-filter>
176        </receiver>
177        <receiver
177-->[androidx.work:work-runtime:2.7.1] AndroidManifest.xml:122:9-131:20
178            android:name="androidx.work.impl.background.systemalarm.ConstraintProxyUpdateReceiver"
178-->[androidx.work:work-runtime:2.7.1] AndroidManifest.xml:123:13-99
179            android:directBootAware="false"
179-->[androidx.work:work-runtime:2.7.1] AndroidManifest.xml:124:13-44
180            android:enabled="@bool/enable_system_alarm_service_default"
180-->[androidx.work:work-runtime:2.7.1] AndroidManifest.xml:125:13-72
181            android:exported="false" >
181-->[androidx.work:work-runtime:2.7.1] AndroidManifest.xml:126:13-37
182            <intent-filter>
182-->[androidx.work:work-runtime:2.7.1] AndroidManifest.xml:128:13-130:29
183                <action android:name="androidx.work.impl.background.systemalarm.UpdateProxies" />
183-->[androidx.work:work-runtime:2.7.1] AndroidManifest.xml:129:17-98
183-->[androidx.work:work-runtime:2.7.1] AndroidManifest.xml:129:25-95
184            </intent-filter>
185        </receiver>
186        <receiver
186-->[androidx.work:work-runtime:2.7.1] AndroidManifest.xml:132:9-142:20
187            android:name="androidx.work.impl.diagnostics.DiagnosticsReceiver"
187-->[androidx.work:work-runtime:2.7.1] AndroidManifest.xml:133:13-78
188            android:directBootAware="false"
188-->[androidx.work:work-runtime:2.7.1] AndroidManifest.xml:134:13-44
189            android:enabled="true"
189-->[androidx.work:work-runtime:2.7.1] AndroidManifest.xml:135:13-35
190            android:exported="true"
190-->[androidx.work:work-runtime:2.7.1] AndroidManifest.xml:136:13-36
191            android:permission="android.permission.DUMP" >
191-->[androidx.work:work-runtime:2.7.1] AndroidManifest.xml:137:13-57
192            <intent-filter>
192-->[androidx.work:work-runtime:2.7.1] AndroidManifest.xml:139:13-141:29
193                <action android:name="androidx.work.diagnostics.REQUEST_DIAGNOSTICS" />
193-->[androidx.work:work-runtime:2.7.1] AndroidManifest.xml:140:17-88
193-->[androidx.work:work-runtime:2.7.1] AndroidManifest.xml:140:25-85
194            </intent-filter>
195        </receiver>
196
197        <service
197-->[androidx.room:room-runtime:2.2.5] AndroidManifest.xml:25:9-28:40
198            android:name="androidx.room.MultiInstanceInvalidationService"
198-->[androidx.room:room-runtime:2.2.5] AndroidManifest.xml:26:13-74
199            android:directBootAware="true"
199-->[androidx.room:room-runtime:2.2.5] AndroidManifest.xml:27:13-43
200            android:exported="false" />
200-->[androidx.room:room-runtime:2.2.5] AndroidManifest.xml:28:13-37
201    </application>
202
203</manifest>